savenewElder2/app/build/intermediates/manifest_merge_blame_file/debug/manifest-merger-blame-debug-report.txt
1<?xml version="1.0" encoding="utf-8"?>
2<manifest xmlns:android="http://schemas.android.com/apk/res/android"
3    package="com.example.gin.elder2"
4    android:versionCode="1"
5    android:versionName="1.0" >
6
7    <uses-sdk
8        android:minSdkVersion="18"
8-->src\main\AndroidManifest.xml
9        android:targetSdkVersion="26" />
9-->src\main\AndroidManifest.xml
10
11    <uses-permission android:name="android.permission.INTERNET" />
11-->src\main\AndroidManifest.xml:7:5-67
11-->src\main\AndroidManifest.xml:7:22-64
12    <uses-permission android:name="android.permission.ACCESS_NETWORK_STATE" />
12-->src\main\AndroidManifest.xml:8:5-79
12-->src\main\AndroidManifest.xml:8:22-76
13    <uses-permission android:name="android.permission.WAKE_LOCK" />
13-->src\main\AndroidManifest.xml:9:5-68
13-->src\main\AndroidManifest.xml:9:22-65
14    <uses-permission android:name="android.permission.CAMERA" />
14-->src\main\AndroidManifest.xml:10:5-64
14-->src\main\AndroidManifest.xml:10:22-62
15
16    <uses-feature android:name="android.hardware.camera.autofocus" />
16-->src\main\AndroidManifest.xml:11:5-69
16-->src\main\AndroidManifest.xml:11:19-67
17
18    <uses-permission android:name="android.permission.WRITE_EXTERNAL_STORAGE" />
18-->src\main\AndroidManifest.xml:12:5-97
18-->src\main\AndroidManifest.xml:12:22-78
19
20    <application
20-->src\main\AndroidManifest.xml:13:5-130:19
21        android:allowBackup="true"
21-->src\main\AndroidManifest.xml:15:9-35
22        android:debuggable="true"
23        android:hardwareAccelerated="false"
23-->src\main\AndroidManifest.xml:16:9-44
24        android:icon="@mipmap/ic_launcher"
24-->src\main\AndroidManifest.xml:18:9-43
25        android:label="@string/app_name"
25-->src\main\AndroidManifest.xml:19:9-41
26        android:largeHeap="true"
26-->src\main\AndroidManifest.xml:17:9-33
27        android:roundIcon="@mipmap/ic_launcher_round"
27-->src\main\AndroidManifest.xml:20:9-54
28        android:supportsRtl="true"
28-->src\main\AndroidManifest.xml:21:9-35
29        android:testOnly="true"
30        android:theme="@style/AppTheme" >
30-->src\main\AndroidManifest.xml:22:9-40
31        <activity
31-->src\main\AndroidManifest.xml:23:9-34:20
32            android:name="com.example.gin.elder2.MainActivity"
32-->src\main\AndroidManifest.xml:24:13-41
33            android:configChanges="orientation|keyboardHidden"
33-->src\main\AndroidManifest.xml:28:13-63
34            android:label="@string/app_name"
34-->src\main\AndroidManifest.xml:25:13-45
35            android:screenOrientation="portrait"
35-->src\main\AndroidManifest.xml:27:13-49
36            android:theme="@style/AppTheme.NoActionBar" >
36-->src\main\AndroidManifest.xml:26:13-56
37            <intent-filter>
37-->src\main\AndroidManifest.xml:29:13-33:29
38                <action android:name="android.intent.action.MAIN" />
38-->src\main\AndroidManifest.xml:30:17-69
38-->src\main\AndroidManifest.xml:30:25-66
39
40                <category android:name="android.intent.category.LAUNCHER" />
40-->src\main\AndroidManifest.xml:32:17-77
40-->src\main\AndroidManifest.xml:32:27-74
41            </intent-filter>
42        </activity>
43        <activity
43-->src\main\AndroidManifest.xml:35:9-39:20
44            android:name="com.example.gin.elder2.video"
44-->src\main\AndroidManifest.xml:36:13-34
45            android:configChanges="orientation|keyboardHidden"
45-->src\main\AndroidManifest.xml:38:13-63
46            android:screenOrientation="portrait" >
46-->src\main\AndroidManifest.xml:37:13-49
47        </activity>
48        <activity
48-->src\main\AndroidManifest.xml:40:9-44:20
49            android:name="com.example.gin.elder2.materials"
49-->src\main\AndroidManifest.xml:41:13-38
50            android:configChanges="orientation|keyboardHidden"
50-->src\main\AndroidManifest.xml:43:13-63
51            android:screenOrientation="portrait" >
51-->src\main\AndroidManifest.xml:42:13-49
52        </activity>
53        <activity
53-->src\main\AndroidManifest.xml:45:9-49:20
54            android:name="com.example.gin.elder2.scenario"
54-->src\main\AndroidManifest.xml:46:13-37
55            android:configChanges="orientation|keyboardHidden"
55-->src\main\AndroidManifest.xml:48:13-63
56            android:screenOrientation="portrait" >
56-->src\main\AndroidManifest.xml:47:13-49
57        </activity>
58        <activity
58-->src\main\AndroidManifest.xml:50:9-54:20
59            android:name="com.example.gin.elder2.scenario1"
59-->src\main\AndroidManifest.xml:51:13-38
60            android:configChanges="orientation|keyboardHidden"
60-->src\main\AndroidManifest.xml:53:13-63
61            android:screenOrientation="portrait" >
61-->src\main\AndroidManifest.xml:52:13-49
62        </activity>
63        <activity
63-->src\main\AndroidManifest.xml:55:9-59:20
64            android:name="com.example.gin.elder2.tabmain"
64-->src\main\AndroidManifest.xml:56:13-36
65            android:configChanges="orientation|keyboardHidden"
65-->src\main\AndroidManifest.xml:58:13-63
66            android:screenOrientation="portrait" >
66-->src\main\AndroidManifest.xml:57:13-49
67        </activity>
68        <activity
68-->src\main\AndroidManifest.xml:60:9-64:20
69            android:name="com.example.gin.elder2.CameraActivity"
69-->src\main\AndroidManifest.xml:61:13-43
70            android:configChanges="orientation|keyboardHidden"
70-->src\main\AndroidManifest.xml:63:13-63
71            android:screenOrientation="portrait" >
71-->src\main\AndroidManifest.xml:62:13-49
72        </activity>
73        <activity
73-->src\main\AndroidManifest.xml:65:9-69:20
74            android:name="com.example.gin.elder2.Takepic"
74-->src\main\AndroidManifest.xml:66:13-36
75            android:configChanges="orientation|keyboardHidden"
75-->src\main\AndroidManifest.xml:68:13-63
76            android:screenOrientation="portrait" >
76-->src\main\AndroidManifest.xml:67:13-49
77        </activity>
78        <activity
78-->src\main\AndroidManifest.xml:70:9-73:76
79            android:name="com.example.gin.elder2.cameraMain"
79-->src\main\AndroidManifest.xml:71:13-39
80            android:configChanges="orientation|keyboardHidden"
80-->src\main\AndroidManifest.xml:73:13-63
81            android:screenOrientation="portrait" >
81-->src\main\AndroidManifest.xml:72:13-49
82        </activity>
83        <activity
83-->src\main\AndroidManifest.xml:74:9-77:76
84            android:name="com.example.gin.elder2.emotionresult"
84-->src\main\AndroidManifest.xml:75:13-42
85            android:configChanges="orientation|keyboardHidden"
85-->src\main\AndroidManifest.xml:77:13-63
86            android:screenOrientation="portrait" >
86-->src\main\AndroidManifest.xml:76:13-49
87        </activity>
88        <activity
88-->src\main\AndroidManifest.xml:78:9-81:76
89            android:name="com.example.gin.elder2.share"
89-->src\main\AndroidManifest.xml:79:13-34
90            android:configChanges="orientation|keyboardHidden"
90-->src\main\AndroidManifest.xml:81:13-63
91            android:screenOrientation="portrait" >
91-->src\main\AndroidManifest.xml:80:13-49
92        </activity>
93        <activity
93-->src\main\AndroidManifest.xml:82:9-85:76
94            android:name="com.example.gin.elder2.social"
94-->src\main\AndroidManifest.xml:83:13-35
95            android:configChanges="orientation|keyboardHidden"
95-->src\main\AndroidManifest.xml:85:13-63
96            android:screenOrientation="portrait" >
96-->src\main\AndroidManifest.xml:84:13-49
97        </activity>
98        <activity
98-->src\main\AndroidManifest.xml:86:9-89:76
99            android:name="com.example.gin.elder2.social2"
99-->src\main\AndroidManifest.xml:87:13-36
100            android:configChanges="orientation|keyboardHidden"
100-->src\main\AndroidManifest.xml:89:13-63
101            android:screenOrientation="portrait" >
101-->src\main\AndroidManifest.xml:88:13-49
102        </activity>
103        <activity
103-->src\main\AndroidManifest.xml:90:9-93:76
104            android:name="com.example.gin.elder2.social3"
104-->src\main\AndroidManifest.xml:91:13-36
105            android:configChanges="orientation|keyboardHidden"
105-->src\main\AndroidManifest.xml:93:13-63
106            android:screenOrientation="landscape" >
106-->src\main\AndroidManifest.xml:92:13-50
107        </activity>
108        <activity
108-->src\main\AndroidManifest.xml:94:9-97:76
109            android:name="com.example.gin.elder2.social4"
109-->src\main\AndroidManifest.xml:95:13-36
110            android:configChanges="orientation|keyboardHidden"
110-->src\main\AndroidManifest.xml:97:13-63
111            android:screenOrientation="portrait" >
111-->src\main\AndroidManifest.xml:96:13-49
112        </activity>
113        <activity
113-->src\main\AndroidManifest.xml:98:9-101:76
114            android:name="com.example.gin.elder2.social5"
114-->src\main\AndroidManifest.xml:99:13-36
115            android:configChanges="orientation|keyboardHidden"
115-->src\main\AndroidManifest.xml:101:13-63
116            android:screenOrientation="landscape" >
116-->src\main\AndroidManifest.xml:100:13-50
117        </activity>
118        <activity
118-->src\main\AndroidManifest.xml:102:9-105:76
119            android:name="com.example.gin.elder2.co1"
119-->src\main\AndroidManifest.xml:103:13-32
120            android:configChanges="orientation|keyboardHidden"
120-->src\main\AndroidManifest.xml:105:13-63
121            android:screenOrientation="landscape" >
121-->src\main\AndroidManifest.xml:104:13-50
122        </activity>
123        <activity
123-->src\main\AndroidManifest.xml:106:9-109:76
124            android:name="com.example.gin.elder2.co2"
124-->src\main\AndroidManifest.xml:107:13-32
125            android:configChanges="orientation|keyboardHidden"
125-->src\main\AndroidManifest.xml:109:13-63
126            android:screenOrientation="landscape" >
126-->src\main\AndroidManifest.xml:108:13-50
127        </activity>
128        <activity
128-->src\main\AndroidManifest.xml:110:9-113:76
129            android:name="com.example.gin.elder2.physical1"
129-->src\main\AndroidManifest.xml:111:13-38
130            android:configChanges="orientation|keyboardHidden"
130-->src\main\AndroidManifest.xml:113:13-63
131            android:screenOrientation="landscape" >
131-->src\main\AndroidManifest.xml:112:13-50
132        </activity>
133        <activity
133-->src\main\AndroidManifest.xml:114:9-117:76
134            android:name="com.example.gin.elder2.physical2"
134-->src\main\AndroidManifest.xml:115:13-38
135            android:configChanges="orientation|keyboardHidden"
135-->src\main\AndroidManifest.xml:117:13-63
136            android:screenOrientation="landscape" >
136-->src\main\AndroidManifest.xml:116:13-50
137        </activity>
138        <activity
138-->src\main\AndroidManifest.xml:118:9-121:76
139            android:name="com.example.gin.elder2.comm"
139-->src\main\AndroidManifest.xml:119:13-33
140            android:configChanges="orientation|keyboardHidden"
140-->src\main\AndroidManifest.xml:121:13-63
141            android:screenOrientation="landscape" >
141-->src\main\AndroidManifest.xml:120:13-50
142        </activity>
143        <activity
143-->src\main\AndroidManifest.xml:122:9-125:76
144            android:name="com.example.gin.elder2.tool"
144-->src\main\AndroidManifest.xml:123:13-33
145            android:configChanges="orientation|keyboardHidden"
145-->src\main\AndroidManifest.xml:125:13-63
146            android:screenOrientation="landscape" >
146-->src\main\AndroidManifest.xml:124:13-50
147        </activity>
148        <activity
148-->src\main\AndroidManifest.xml:126:9-129:76
149            android:name="com.example.gin.elder2.toolchoose"
149-->src\main\AndroidManifest.xml:127:13-39
150            android:configChanges="orientation|keyboardHidden"
150-->src\main\AndroidManifest.xml:129:13-63
151            android:screenOrientation="landscape" >
151-->src\main\AndroidManifest.xml:128:13-50
152        </activity>
153
154        <meta-data
154-->[com.android.support:design:26.1.0] AndroidManifest.xml:26:9-28:38
155            android:name="android.support.VERSION"
155-->[com.android.support:design:26.1.0] AndroidManifest.xml:27:13-51
156            android:value="26.1.0" />
156-->[com.android.support:design:26.1.0] AndroidManifest.xml:28:13-35
157        <meta-data
157-->[android.arch.lifecycle:runtime:1.0.0] AndroidManifest.xml:25:9-27:47
158            android:name="android.arch.lifecycle.VERSION"
158-->[android.arch.lifecycle:runtime:1.0.0] AndroidManifest.xml:26:13-58
159            android:value="27.0.0-SNAPSHOT" />
159-->[android.arch.lifecycle:runtime:1.0.0] AndroidManifest.xml:27:13-44
160    </application>
161
162</manifest>